[2017-03-01 00:25:25] client.INFO: Downloaded 71014 bytes information from https://armacad.info [] []
[2017-03-01 00:25:25] client.INFO: Date: Tue, 28 Feb 2017 23:25:27 GMT [] []
[2017-03-01 00:25:25] client.INFO: Content-Type: text/html; charset=UTF-8 [] []
[2017-03-01 00:25:25] client.INFO: Transfer-Encoding: chunked [] []
[2017-03-01 00:25:25] client.INFO: Connection: keep-alive [] []
[2017-03-01 00:25:25] client.INFO: Set-Cookie: __cfduid=dd5c8e581edda4c8f0190d38dd72d1d581488324327; expires=Wed, 28-Feb-18 23:25:27 GMT; path=/; domain=.armacad.info; HttpOnly, _csrf=7a870d9ddf450ce2877892940b536935964ce088e14158031957b3d4807b0e86a%3A2%3A%7Bi%3A0%3Bs%3A5%3A%22_csrf%22%3Bi%3A1%3Bs%3A32%3A%22CYjDstuiLD6-DsbXUkXFTXK6LeI6d9n8%22%3B%7D; path=/; HttpOnly [] []
[2017-03-01 00:25:25] client.INFO: Vary: Accept-Encoding [] []
[2017-03-01 00:25:25] client.INFO: Server: cloudflare-nginx [] []
[2017-03-01 00:25:25] client.INFO: CF-RAY: 3387a2c6ca904ed8-DME [] []
[2017-03-01 00:53:35] client.INFO: Downloaded 248971 bytes information from http://stackoverflow.com [] []
[2017-03-01 00:53:35] client.INFO: Cache-Control: private [] []
[2017-03-01 00:53:35] client.INFO: Content-Type: text/html; charset=utf-8 [] []
[2017-03-01 00:53:35] client.INFO: X-Frame-Options: SAMEORIGIN [] []
[2017-03-01 00:53:35] client.INFO: X-Request-Guid: b49c4208-dbb5-426c-8709-ddf3ff84ee31 [] []
[2017-03-01 00:53:35] client.INFO: Content-Length: 248971 [] []
[2017-03-01 00:53:35] client.INFO: Accept-Ranges: bytes [] []
[2017-03-01 00:53:35] client.INFO: Date: Tue, 28 Feb 2017 23:53:36 GMT [] []
[2017-03-01 00:53:35] client.INFO: Via: 1.1 varnish [] []
[2017-03-01 00:53:35] client.INFO: Connection: keep-alive [] []
[2017-03-01 00:53:35] client.INFO: X-Served-By: cache-fra1243-FRA [] []
[2017-03-01 00:53:35] client.INFO: X-Cache: MISS [] []
[2017-03-01 00:53:35] client.INFO: X-Cache-Hits: 0 [] []
[2017-03-01 00:53:35] client.INFO: X-Timer: S1488326016.298808,VS0,VE97 [] []
[2017-03-01 00:53:35] client.INFO: X-DNS-Prefetch-Control: off [] []
[2017-03-01 00:53:35] client.INFO: Set-Cookie: prov=94e5f523-d15c-8c50-4c10-97ab97351f77; domain=.stackoverflow.com; expires=Fri, 01-Jan-2055 00:00:00 GMT; path=/; HttpOnly [] []
